* ead3c8c Agregando 2 p치rrafos
*   886b906 Resolviendo conflicto en estaciones del a침o y fecha de inicio
|\  
| * 8a7a0casdasd Agregando estaciones del a침o
* | 1bd7a74 Agregando estaciones del a침o con fecha de inicio
|/  
*   05dd197 Resolviendo conflicto merge main/html en el documento index.html
|\  
| * a0869c1 Agregando index.js al index.html
* | 90830c5 Argegando styles.css al index.html
|/  
*   8240ed9 Merge branch 'css'
|\  
| * fc739c7 Creando styles.css
| * 98b438a Creando index.html
* | bd1b0e6 Modificando index.js
|/  
* 8823a1a Ignorando archivos .exe
* c43dcf4 Cambio en todos los archivos
* 748eb1f Creando licencia del repositorio
* 0df7fa2 Agregando mas cambios
* b985e60 Agregando contenido inicial al README
* 17cb9ce Primer commit
